This file contains any messages produced by compilers while
running configure, to aid debugging if configure makes a mistake.

It was created by utils_demo configure 1.0, which was
generated by GNU Autoconf 2.69.  Invocation command line was

  $ ./configure 

## --------- ##
## Platform. ##
## --------- ##

hostname = wanguofeng-OptiPlex-7050
uname -m = x86_64
uname -r = 5.4.0-91-generic
uname -s = Linux
uname -v = #102~18.04.1-Ubuntu SMP Thu Nov 11 14:46:36 UTC 2021

/usr/bin/uname -p = unknown
/bin/uname -X     = unknown

/bin/arch              = unknown
/usr/bin/arch -k       = unknown
/usr/convex/getsysinfo = unknown
/usr/bin/hostinfo      = unknown
/bin/machine           = unknown
/usr/bin/oslevel       = unknown
/bin/universe          = unknown

PATH: /home/wanguofeng/Workspace/splint-3.1.1/bin
PATH: /home/wanguofeng/.local/bin
PATH: /home/wanguofeng/.local/bin
PATH: /usr/local/sbin
PATH: /usr/local/bin
PATH: /usr/sbin
PATH: /usr/bin
PATH: /sbin
PATH: /bin
PATH: /usr/games
PATH: /usr/local/games
PATH: /snap/bin


## ----------- ##
## Core tests. ##
## ----------- ##

configure:2312: checking for a BSD-compatible install
configure:2380: result: /usr/bin/install -c
configure:2391: checking whether build environment is sane
configure:2446: result: yes
configure:2597: checking for a thread-safe mkdir -p
configure:2636: result: /bin/mkdir -p
configure:2643: checking for gawk
configure:2659: found /usr/bin/gawk
configure:2670: result: gawk
configure:2681: checking whether make sets $(MAKE)
configure:2703: result: yes
configure:2732: checking whether make supports nested variables
configure:2749: result: yes
configure:2925: checking for gcc
configure:2941: found /usr/bin/gcc
configure:2952: result: gcc
configure:3181: checking for C compiler version
configure:3190: gcc --version >&5
gcc (Ubuntu 7.5.0-3ubuntu1~18.04) 7.5.0
Copyright (C) 2017 Free Software Foundation, Inc.
This is free software; see the source for copying conditions.  There is NO
warranty; not even for MERCHANTABILITY or FITNESS FOR A PARTICULAR PURPOSE.

configure:3201: $? = 0
configure:3190: gcc -v >&5
Using built-in specs.
COLLECT_GCC=gcc
COLLECT_LTO_WRAPPER=/usr/lib/gcc/x86_64-linux-gnu/7/lto-wrapper
OFFLOAD_TARGET_NAMES=nvptx-none
OFFLOAD_TARGET_DEFAULT=1
Target: x86_64-linux-gnu
Configured with: ../src/configure -v --with-pkgversion='Ubuntu 7.5.0-3ubuntu1~18.04' --with-bugurl=file:///usr/share/doc/gcc-7/README.Bugs --enable-languages=c,ada,c++,go,brig,d,fortran,objc,obj-c++ --prefix=/usr --with-gcc-major-version-only --program-suffix=-7 --program-prefix=x86_64-linux-gnu- --enable-shared --enable-linker-build-id --libexecdir=/usr/lib --without-included-gettext --enable-threads=posix --libdir=/usr/lib --enable-nls --enable-bootstrap --enable-clocale=gnu --enable-libstdcxx-debug --enable-libstdcxx-time=yes --with-default-libstdcxx-abi=new --enable-gnu-unique-object --disable-vtable-verify --enable-libmpx --enable-plugin --enable-default-pie --with-system-zlib --with-target-system-zlib --enable-objc-gc=auto --enable-multiarch --disable-werror --with-arch-32=i686 --with-abi=m64 --with-multilib-list=m32,m64,mx32 --enable-multilib --with-tune=generic --enable-offload-targets=nvptx-none --without-cuda-driver --enable-checking=release --build=x86_64-linux-gnu --host=x86_64-linux-gnu --target=x86_64-linux-gnu
Thread model: posix
gcc version 7.5.0 (Ubuntu 7.5.0-3ubuntu1~18.04) 
configure:3201: $? = 0
configure:3190: gcc -V >&5
gcc: error: unrecognized command line option '-V'
gcc: fatal error: no input files
compilation terminated.
configure:3201: $? = 1
configure:3190: gcc -qversion >&5
gcc: error: unrecognized command line option '-qversion'; did you mean '--version'?
gcc: fatal error: no input files
compilation terminated.
configure:3201: $? = 1
configure:3221: checking whether the C compiler works
configure:3243: gcc    conftest.c  >&5
configure:3247: $? = 0
configure:3295: result: yes
configure:3298: checking for C compiler default output file name
configure:3300: result: a.out
configure:3306: checking for suffix of executables
configure:3313: gcc -o conftest    conftest.c  >&5
configure:3317: $? = 0
configure:3339: result: 
configure:3361: checking whether we are cross compiling
configure:3369: gcc -o conftest    conftest.c  >&5
configure:3373: $? = 0
configure:3380: ./conftest
configure:3384: $? = 0
configure:3399: result: no
configure:3404: checking for suffix of object files
configure:3426: gcc -c   conftest.c >&5
configure:3430: $? = 0
configure:3451: result: o
configure:3455: checking whether we are using the GNU C compiler
configure:3474: gcc -c   conftest.c >&5
configure:3474: $? = 0
configure:3483: result: yes
configure:3492: checking whether gcc accepts -g
configure:3512: gcc -c -g  conftest.c >&5
configure:3512: $? = 0
configure:3553: result: yes
configure:3570: checking for gcc option to accept ISO C89
configure:3633: gcc  -c -g -O2  conftest.c >&5
configure:3633: $? = 0
configure:3646: result: none needed
configure:3671: checking whether gcc understands -c and -o together
configure:3693: gcc -c conftest.c -o conftest2.o
configure:3696: $? = 0
configure:3693: gcc -c conftest.c -o conftest2.o
configure:3696: $? = 0
configure:3708: result: yes
configure:3736: checking for style of include used by make
configure:3764: result: GNU
configure:3790: checking dependency style of gcc
configure:3901: result: gcc3
configure:3926: checking how to run the C preprocessor
configure:3957: gcc -E  conftest.c
configure:3957: $? = 0
configure:3971: gcc -E  conftest.c
conftest.c:11:10: fatal error: ac_nonexistent.h: No such file or directory
 #include <ac_nonexistent.h>
          ^~~~~~~~~~~~~~~~~~
compilation terminated.
configure:3971: $? = 1
configure: failed program was:
| /* confdefs.h */
| #define PACKAGE_NAME "utils_demo"
| #define PACKAGE_TARNAME "utils_demo"
| #define PACKAGE_VERSION "1.0"
| #define PACKAGE_STRING "utils_demo 1.0"
| #define PACKAGE_BUGREPORT "wanguofeng8023@126.com"
| #define PACKAGE_URL ""
| #define PACKAGE "utils_demo"
| #define VERSION "1.0"
| /* end confdefs.h.  */
| #include <ac_nonexistent.h>
configure:3996: result: gcc -E
configure:4016: gcc -E  conftest.c
configure:4016: $? = 0
configure:4030: gcc -E  conftest.c
conftest.c:11:10: fatal error: ac_nonexistent.h: No such file or directory
 #include <ac_nonexistent.h>
          ^~~~~~~~~~~~~~~~~~
compilation terminated.
configure:4030: $? = 1
configure: failed program was:
| /* confdefs.h */
| #define PACKAGE_NAME "utils_demo"
| #define PACKAGE_TARNAME "utils_demo"
| #define PACKAGE_VERSION "1.0"
| #define PACKAGE_STRING "utils_demo 1.0"
| #define PACKAGE_BUGREPORT "wanguofeng8023@126.com"
| #define PACKAGE_URL ""
| #define PACKAGE "utils_demo"
| #define VERSION "1.0"
| /* end confdefs.h.  */
| #include <ac_nonexistent.h>
configure:4059: checking for grep that handles long lines and -e
configure:4117: result: /bin/grep
configure:4122: checking for egrep
configure:4184: result: /bin/grep -E
configure:4189: checking for ANSI C header files
configure:4209: gcc -c -g -O2  conftest.c >&5
configure:4209: $? = 0
configure:4282: gcc -o conftest -g -O2   conftest.c  >&5
configure:4282: $? = 0
configure:4282: ./conftest
configure:4282: $? = 0
configure:4293: result: yes
configure:4306: checking for sys/types.h
configure:4306: gcc -c -g -O2  conftest.c >&5
configure:4306: $? = 0
configure:4306: result: yes
configure:4306: checking for sys/stat.h
configure:4306: gcc -c -g -O2  conftest.c >&5
configure:4306: $? = 0
configure:4306: result: yes
configure:4306: checking for stdlib.h
configure:4306: gcc -c -g -O2  conftest.c >&5
configure:4306: $? = 0
configure:4306: result: yes
configure:4306: checking for string.h
configure:4306: gcc -c -g -O2  conftest.c >&5
configure:4306: $? = 0
configure:4306: result: yes
configure:4306: checking for memory.h
configure:4306: gcc -c -g -O2  conftest.c >&5
configure:4306: $? = 0
configure:4306: result: yes
configure:4306: checking for strings.h
configure:4306: gcc -c -g -O2  conftest.c >&5
configure:4306: $? = 0
configure:4306: result: yes
configure:4306: checking for inttypes.h
configure:4306: gcc -c -g -O2  conftest.c >&5
configure:4306: $? = 0
configure:4306: result: yes
configure:4306: checking for stdint.h
configure:4306: gcc -c -g -O2  conftest.c >&5
configure:4306: $? = 0
configure:4306: result: yes
configure:4306: checking for unistd.h
configure:4306: gcc -c -g -O2  conftest.c >&5
configure:4306: $? = 0
configure:4306: result: yes
configure:4321: checking stddef.h usability
configure:4321: gcc -c -g -O2  conftest.c >&5
configure:4321: $? = 0
configure:4321: result: yes
configure:4321: checking stddef.h presence
configure:4321: gcc -E  conftest.c
configure:4321: $? = 0
configure:4321: result: yes
configure:4321: checking for stddef.h
configure:4321: result: yes
configure:4321: checking for stdint.h
configure:4321: result: yes
configure:4321: checking for string.h
configure:4321: result: yes
configure:4321: checking sys/time.h usability
configure:4321: gcc -c -g -O2  conftest.c >&5
configure:4321: $? = 0
configure:4321: result: yes
configure:4321: checking sys/time.h presence
configure:4321: gcc -E  conftest.c
configure:4321: $? = 0
configure:4321: result: yes
configure:4321: checking for sys/time.h
configure:4321: result: yes
configure:4321: checking syslog.h usability
configure:4321: gcc -c -g -O2  conftest.c >&5
configure:4321: $? = 0
configure:4321: result: yes
configure:4321: checking syslog.h presence
configure:4321: gcc -E  conftest.c
configure:4321: $? = 0
configure:4321: result: yes
configure:4321: checking for syslog.h
configure:4321: result: yes
configure:4333: checking for size_t
configure:4333: gcc -c -g -O2  conftest.c >&5
configure:4333: $? = 0
configure:4333: gcc -c -g -O2  conftest.c >&5
conftest.c: In function 'main':
conftest.c:62:21: error: expected expression before ')' token
 if (sizeof ((size_t)))
                     ^
configure:4333: $? = 1
configure: failed program was:
| /* confdefs.h */
| #define PACKAGE_NAME "utils_demo"
| #define PACKAGE_TARNAME "utils_demo"
| #define PACKAGE_VERSION "1.0"
| #define PACKAGE_STRING "utils_demo 1.0"
| #define PACKAGE_BUGREPORT "wanguofeng8023@126.com"
| #define PACKAGE_URL ""
| #define PACKAGE "utils_demo"
| #define VERSION "1.0"
| #define STDC_HEADERS 1
| #define HAVE_SYS_TYPES_H 1
| #define HAVE_SYS_STAT_H 1
| #define HAVE_STDLIB_H 1
| #define HAVE_STRING_H 1
| #define HAVE_MEMORY_H 1
| #define HAVE_STRINGS_H 1
| #define HAVE_INTTYPES_H 1
| #define HAVE_STDINT_H 1
| #define HAVE_UNISTD_H 1
| #define HAVE_STDDEF_H 1
| #define HAVE_STDINT_H 1
| #define HAVE_STRING_H 1
| #define HAVE_SYS_TIME_H 1
| #define HAVE_SYSLOG_H 1
| /* end confdefs.h.  */
| #include <stdio.h>
| #ifdef HAVE_SYS_TYPES_H
| # include <sys/types.h>
| #endif
| #ifdef HAVE_SYS_STAT_H
| # include <sys/stat.h>
| #endif
| #ifdef STDC_HEADERS
| # include <stdlib.h>
| # include <stddef.h>
| #else
| # ifdef HAVE_STDLIB_H
| #  include <stdlib.h>
| # endif
| #endif
| #ifdef HAVE_STRING_H
| # if !defined STDC_HEADERS && defined HAVE_MEMORY_H
| #  include <memory.h>
| # endif
| # include <string.h>
| #endif
| #ifdef HAVE_STRINGS_H
| # include <strings.h>
| #endif
| #ifdef HAVE_INTTYPES_H
| # include <inttypes.h>
| #endif
| #ifdef HAVE_STDINT_H
| # include <stdint.h>
| #endif
| #ifdef HAVE_UNISTD_H
| # include <unistd.h>
| #endif
| int
| main ()
| {
| if (sizeof ((size_t)))
| 	    return 0;
|   ;
|   return 0;
| }
configure:4333: result: yes
configure:4344: checking for uint32_t
configure:4344: gcc -c -g -O2  conftest.c >&5
configure:4344: $? = 0
configure:4344: result: yes
configure:4358: checking for uint8_t
configure:4358: gcc -c -g -O2  conftest.c >&5
configure:4358: $? = 0
configure:4358: result: yes
configure:4376: checking for gettimeofday
configure:4376: gcc -o conftest -g -O2   conftest.c  >&5
configure:4376: $? = 0
configure:4376: result: yes
configure:4497: checking that generated files are newer than configure
configure:4503: result: done
configure:4526: creating ./config.status

## ---------------------- ##
## Running config.status. ##
## ---------------------- ##

This file was extended by utils_demo config.status 1.0, which was
generated by GNU Autoconf 2.69.  Invocation command line was

  CONFIG_FILES    = 
  CONFIG_HEADERS  = 
  CONFIG_LINKS    = 
  CONFIG_COMMANDS = 
  $ ./config.status 

on wanguofeng-OptiPlex-7050

config.status:859: creating Makefile
config.status:859: creating config.h
config.status:1088: executing depfiles commands

## ---------------- ##
## Cache variables. ##
## ---------------- ##

ac_cv_c_compiler_gnu=yes
ac_cv_c_uint32_t=yes
ac_cv_c_uint8_t=yes
ac_cv_env_CC_set=
ac_cv_env_CC_value=
ac_cv_env_CFLAGS_set=
ac_cv_env_CFLAGS_value=
ac_cv_env_CPPFLAGS_set=
ac_cv_env_CPPFLAGS_value=
ac_cv_env_CPP_set=
ac_cv_env_CPP_value=
ac_cv_env_LDFLAGS_set=
ac_cv_env_LDFLAGS_value=
ac_cv_env_LIBS_set=
ac_cv_env_LIBS_value=
ac_cv_env_build_alias_set=
ac_cv_env_build_alias_value=
ac_cv_env_host_alias_set=
ac_cv_env_host_alias_value=
ac_cv_env_target_alias_set=
ac_cv_env_target_alias_value=
ac_cv_func_gettimeofday=yes
ac_cv_header_inttypes_h=yes
ac_cv_header_memory_h=yes
ac_cv_header_stdc=yes
ac_cv_header_stddef_h=yes
ac_cv_header_stdint_h=yes
ac_cv_header_stdlib_h=yes
ac_cv_header_string_h=yes
ac_cv_header_strings_h=yes
ac_cv_header_sys_stat_h=yes
ac_cv_header_sys_time_h=yes
ac_cv_header_sys_types_h=yes
ac_cv_header_syslog_h=yes
ac_cv_header_unistd_h=yes
ac_cv_objext=o
ac_cv_path_EGREP='/bin/grep -E'
ac_cv_path_GREP=/bin/grep
ac_cv_path_install='/usr/bin/install -c'
ac_cv_path_mkdir=/bin/mkdir
ac_cv_prog_AWK=gawk
ac_cv_prog_CPP='gcc -E'
ac_cv_prog_ac_ct_CC=gcc
ac_cv_prog_cc_c89=
ac_cv_prog_cc_g=yes
ac_cv_prog_make_make_set=yes
ac_cv_type_size_t=yes
am_cv_CC_dependencies_compiler_type=gcc3
am_cv_make_support_nested_variables=yes
am_cv_prog_cc_c_o=yes

## ----------------- ##
## Output variables. ##
## ----------------- ##

ACLOCAL='${SHELL} /home/wanguofeng/Workspace/myself/matrix/matrix/utils/missing aclocal-1.15'
AMDEPBACKSLASH='\'
AMDEP_FALSE='#'
AMDEP_TRUE=''
AMTAR='$${TAR-tar}'
AM_BACKSLASH='\'
AM_DEFAULT_V='$(AM_DEFAULT_VERBOSITY)'
AM_DEFAULT_VERBOSITY='1'
AM_V='$(V)'
AUTOCONF='${SHELL} /home/wanguofeng/Workspace/myself/matrix/matrix/utils/missing autoconf'
AUTOHEADER='${SHELL} /home/wanguofeng/Workspace/myself/matrix/matrix/utils/missing autoheader'
AUTOMAKE='${SHELL} /home/wanguofeng/Workspace/myself/matrix/matrix/utils/missing automake-1.15'
AWK='gawk'
CC='gcc'
CCDEPMODE='depmode=gcc3'
CFLAGS='-g -O2'
CPP='gcc -E'
CPPFLAGS=''
CYGPATH_W='echo'
DEFS='-DHAVE_CONFIG_H'
DEPDIR='.deps'
ECHO_C=''
ECHO_N='-n'
ECHO_T=''
EGREP='/bin/grep -E'
EXEEXT=''
GREP='/bin/grep'
INSTALL_DATA='${INSTALL} -m 644'
INSTALL_PROGRAM='${INSTALL}'
INSTALL_SCRIPT='${INSTALL}'
INSTALL_STRIP_PROGRAM='$(install_sh) -c -s'
LDFLAGS=''
LIBOBJS=''
LIBS=''
LTLIBOBJS=''
MAKEINFO='${SHELL} /home/wanguofeng/Workspace/myself/matrix/matrix/utils/missing makeinfo'
MKDIR_P='/bin/mkdir -p'
OBJEXT='o'
PACKAGE='utils_demo'
PACKAGE_BUGREPORT='wanguofeng8023@126.com'
PACKAGE_NAME='utils_demo'
PACKAGE_STRING='utils_demo 1.0'
PACKAGE_TARNAME='utils_demo'
PACKAGE_URL=''
PACKAGE_VERSION='1.0'
PATH_SEPARATOR=':'
SET_MAKE=''
SHELL='/bin/bash'
STRIP=''
VERSION='1.0'
ac_ct_CC='gcc'
am__EXEEXT_FALSE=''
am__EXEEXT_TRUE='#'
am__fastdepCC_FALSE='#'
am__fastdepCC_TRUE=''
am__include='include'
am__isrc=''
am__leading_dot='.'
am__nodep='_no'
am__quote=''
am__tar='$${TAR-tar} chof - "$$tardir"'
am__untar='$${TAR-tar} xf -'
bindir='${exec_prefix}/bin'
build_alias=''
datadir='${datarootdir}'
datarootdir='${prefix}/share'
docdir='${datarootdir}/doc/${PACKAGE_TARNAME}'
dvidir='${docdir}'
exec_prefix='${prefix}'
host_alias=''
htmldir='${docdir}'
includedir='${prefix}/include'
infodir='${datarootdir}/info'
install_sh='${SHELL} /home/wanguofeng/Workspace/myself/matrix/matrix/utils/install-sh'
libdir='${exec_prefix}/lib'
libexecdir='${exec_prefix}/libexec'
localedir='${datarootdir}/locale'
localstatedir='${prefix}/var'
mandir='${datarootdir}/man'
mkdir_p='$(MKDIR_P)'
oldincludedir='/usr/include'
pdfdir='${docdir}'
prefix='/usr/local'
program_transform_name='s,x,x,'
psdir='${docdir}'
runstatedir='${localstatedir}/run'
sbindir='${exec_prefix}/sbin'
sharedstatedir='${prefix}/com'
sysconfdir='${prefix}/etc'
target_alias=''

## ----------- ##
## confdefs.h. ##
## ----------- ##

/* confdefs.h */
#define PACKAGE_NAME "utils_demo"
#define PACKAGE_TARNAME "utils_demo"
#define PACKAGE_VERSION "1.0"
#define PACKAGE_STRING "utils_demo 1.0"
#define PACKAGE_BUGREPORT "wanguofeng8023@126.com"
#define PACKAGE_URL ""
#define PACKAGE "utils_demo"
#define VERSION "1.0"
#define STDC_HEADERS 1
#define HAVE_SYS_TYPES_H 1
#define HAVE_SYS_STAT_H 1
#define HAVE_STDLIB_H 1
#define HAVE_STRING_H 1
#define HAVE_MEMORY_H 1
#define HAVE_STRINGS_H 1
#define HAVE_INTTYPES_H 1
#define HAVE_STDINT_H 1
#define HAVE_UNISTD_H 1
#define HAVE_STDDEF_H 1
#define HAVE_STDINT_H 1
#define HAVE_STRING_H 1
#define HAVE_SYS_TIME_H 1
#define HAVE_SYSLOG_H 1
#define HAVE_GETTIMEOFDAY 1

configure: exit 0

## ---------------------- ##
## Running config.status. ##
## ---------------------- ##

This file was extended by utils_demo config.status 1.0, which was
generated by GNU Autoconf 2.69.  Invocation command line was

  CONFIG_FILES    = 
  CONFIG_HEADERS  = 
  CONFIG_LINKS    = 
  CONFIG_COMMANDS = 
  $ ./config.status config.h

on wanguofeng-OptiPlex-7050

config.status:859: creating config.h
config.status:1040: config.h is unchanged
